#
# There is insufficient memory for the Java Runtime Environment to continue.
# Native memory allocation (malloc) failed to allocate 361344 bytes for Chunk::new
# Possible reasons:
#   The system is out of physical RAM or swap space
#   The process is running with CompressedOops enabled, and the Java Heap may be blocking the growth of the native heap
# Possible solutions:
#   Reduce memory load on the system
#   Increase physical memory or swap space
#   Check if swap backing store is full
#   Decrease Java heap size (-Xmx/-Xms)
#   Decrease number of Java threads
#   Decrease Java thread stack sizes (-Xss)
#   Set larger code cache with -XX:ReservedCodeCacheSize=
#   JVM is running with Zero Based Compressed Oops mode in which the Java heap is
#     placed in the first 32GB address space. The Java Heap base address is the
#     maximum limit for the native heap growth. Please use -XX:HeapBaseMinAddress
#     to set the Java Heap base and to place the Java Heap above 32GB virtual address.
# This output file may be truncated or incomplete.
#
#  Out of Memory Error (arena.cpp:168), pid=26316, tid=35712
#
# JRE version: Java(TM) SE Runtime Environment (21.0.2+13) (build 21.0.2+13-LTS-58)
# Java VM: Java HotSpot(TM) 64-Bit Server VM (21.0.2+13-LTS-58, mixed mode, sharing, tiered, compressed oops, compressed class ptrs, g1 gc, windows-amd64)
# No core dump will be written. Minidumps are not enabled by default on client versions of Windows
#

---------------  S U M M A R Y ------------

Command Line: -Dmaven.multiModuleProjectDirectory=D:\My Files\Fawry Training\jakartaee-hello-world -Djansi.passthrough=true -Dmaven.home=C:\Users\amroa\.m2\wrapper\dists\apache-maven-3.9.1-bin\2cpar40ui5s2pm3ja4s69ub7fa\apache-maven-3.9.1 -Dclassworlds.conf=C:\Users\amroa\.m2\wrapper\dists\apache-maven-3.9.1-bin\2cpar40ui5s2pm3ja4s69ub7fa\apache-maven-3.9.1\bin\m2.conf -Dmaven.ext.class.path=C:\Program Files\JetBrains\IntelliJ IDEA Community Edition 2023.3.3\plugins\maven\lib\maven-event-listener.jar -javaagent:C:\Program Files\JetBrains\IntelliJ IDEA Community Edition 2023.3.3\lib\idea_rt.jar=51126:C:\Program Files\JetBrains\IntelliJ IDEA Community Edition 2023.3.3\bin -Dfile.encoding=UTF-8 -Dsun.stdout.encoding=UTF-8 -Dsun.stderr.encoding=UTF-8 org.codehaus.classworlds.Launcher -Didea.version=2023.3.3 clean

Host: AMD Ryzen 7 5800HS with Radeon Graphics         , 16 cores, 15G,  Windows 11 , 64 bit Build 22621 (10.0.22621.3085)
Time: Fri Feb  2 23:56:19 2024 Jerusalem Standard Time elapsed time: 0.716662 seconds (0d 0h 0m 0s)

---------------  T H R E A D  ---------------

Current thread (0x00000166e5126720):  JavaThread "C2 CompilerThread6" daemon [_thread_in_native, id=35712, stack(0x0000005276b00000,0x0000005276c00000) (1024K)]


Current CompileTask:
C2:    716 1627       4       jdk.internal.jimage.BasicImageReader::verifyLocation (39 bytes)

Stack: [0x0000005276b00000,0x0000005276c00000]
Native frames: (J=compiled Java code, j=interpreted, Vv=VM code, C=native code)
V  [jvm.dll+0x6cade9]
V  [jvm.dll+0x8569c1]
V  [jvm.dll+0x858d2e]
V  [jvm.dll+0x859413]
V  [jvm.dll+0x280e56]
V  [jvm.dll+0xc3f3d]
V  [jvm.dll+0xc4473]
V  [jvm.dll+0x3b5c2c]
V  [jvm.dll+0x1e2013]
V  [jvm.dll+0x249d22]
V  [jvm.dll+0x2491b1]
V  [jvm.dll+0x1c9634]
V  [jvm.dll+0x258859]
V  [jvm.dll+0x256e3a]
V  [jvm.dll+0x3ef6c6]
V  [jvm.dll+0x7ff568]
V  [jvm.dll+0x6c953d]
C  [ucrtbase.dll+0x29363]
C  [KERNEL32.DLL+0x1257d]
C  [ntdll.dll+0x5aa58]


---------------  P R O C E S S  ---------------

Threads class SMR info:
_java_thread_list=0x00000166e48d29a0, length=22, elements={
0x00000166fcb62cd0, 0x000001669e8a5970, 0x000001669e8a6690, 0x000001669e8a8850,
0x000001669e8a9660, 0x000001669e8aa1f0, 0x000001669e8b3c70, 0x000001669e8bc1c0,
0x000001669e8bad20, 0x000001669e86eb10, 0x000001669eac34b0, 0x000001669eb11760,
0x000001669ec17960, 0x000001669ec50480, 0x00000166e42a3950, 0x00000166e42ac940,
0x00000166e4880ae0, 0x00000166e4881190, 0x00000166e4908410, 0x00000166e50bb7a0,
0x00000166e5126720, 0x00000166e5234120
}

Java Threads: ( => current thread )
  0x00000166fcb62cd0 JavaThread "main"                              [_thread_in_vm, id=34028, stack(0x0000005275000000,0x0000005275100000) (1024K)]
  0x000001669e8a5970 JavaThread "Reference Handler"          daemon [_thread_blocked, id=4012, stack(0x0000005275800000,0x0000005275900000) (1024K)]
  0x000001669e8a6690 JavaThread "Finalizer"                  daemon [_thread_blocked, id=42012, stack(0x0000005275900000,0x0000005275a00000) (1024K)]
  0x000001669e8a8850 JavaThread "Signal Dispatcher"          daemon [_thread_blocked, id=36544, stack(0x0000005275a00000,0x0000005275b00000) (1024K)]
  0x000001669e8a9660 JavaThread "Attach Listener"            daemon [_thread_blocked, id=31156, stack(0x0000005275b00000,0x0000005275c00000) (1024K)]
  0x000001669e8aa1f0 JavaThread "Service Thread"             daemon [_thread_blocked, id=34036, stack(0x0000005275c00000,0x0000005275d00000) (1024K)]
  0x000001669e8b3c70 JavaThread "Monitor Deflation Thread"   daemon [_thread_blocked, id=50140, stack(0x0000005275d00000,0x0000005275e00000) (1024K)]
  0x000001669e8bc1c0 JavaThread "C2 CompilerThread0"         daemon [_thread_blocked, id=46844, stack(0x0000005275e00000,0x0000005275f00000) (1024K)]
  0x000001669e8bad20 JavaThread "C1 CompilerThread0"         daemon [_thread_in_native, id=46740, stack(0x0000005275f00000,0x0000005276000000) (1024K)]
  0x000001669e86eb10 JavaThread "Common-Cleaner"             daemon [_thread_blocked, id=46052, stack(0x0000005276000000,0x0000005276100000) (1024K)]
  0x000001669eac34b0 JavaThread "C1 CompilerThread1"         daemon [_thread_blocked, id=32952, stack(0x0000005276100000,0x0000005276200000) (1024K)]
  0x000001669eb11760 JavaThread "C1 CompilerThread2"         daemon [_thread_blocked, id=47944, stack(0x0000005276200000,0x0000005276300000) (1024K)]
  0x000001669ec17960 JavaThread "Monitor Ctrl-Break"         daemon [_thread_in_native, id=14764, stack(0x0000005276300000,0x0000005276400000) (1024K)]
  0x000001669ec50480 JavaThread "Notification Thread"        daemon [_thread_blocked, id=16320, stack(0x0000005276400000,0x0000005276500000) (1024K)]
  0x00000166e42a3950 JavaThread "C1 CompilerThread3"         daemon [_thread_blocked, id=6152, stack(0x0000005276500000,0x0000005276600000) (1024K)]
  0x00000166e42ac940 JavaThread "C2 CompilerThread1"         daemon [_thread_blocked, id=19776, stack(0x0000005276600000,0x0000005276700000) (1024K)]
  0x00000166e4880ae0 JavaThread "C2 CompilerThread2"         daemon [_thread_blocked, id=10540, stack(0x0000005276700000,0x0000005276800000) (1024K)]
  0x00000166e4881190 JavaThread "C2 CompilerThread3"         daemon [_thread_in_native, id=41132, stack(0x0000005276800000,0x0000005276900000) (1024K)]
  0x00000166e4908410 JavaThread "C2 CompilerThread4"         daemon [_thread_blocked, id=6584, stack(0x0000005276900000,0x0000005276a00000) (1024K)]
  0x00000166e50bb7a0 JavaThread "C2 CompilerThread5"         daemon [_thread_blocked, id=7096, stack(0x0000005276a00000,0x0000005276b00000) (1024K)]
=>0x00000166e5126720 JavaThread "C2 CompilerThread6"         daemon [_thread_in_native, id=35712, stack(0x0000005276b00000,0x0000005276c00000) (1024K)]
  0x00000166e5234120 JavaThread "C2 CompilerThread7"         daemon [_thread_in_native, id=1912, stack(0x0000005276c00000,0x0000005276d00000) (1024K)]
Total: 22

Other Threads:
  0x000001669e885c10 VMThread "VM Thread"                           [id=10840, stack(0x0000005275700000,0x0000005275800000) (1024K)]
  0x000001669e86e120 WatcherThread "VM Periodic Task Thread"        [id=6356, stack(0x0000005275600000,0x0000005275700000) (1024K)]
  0x00000166fee75340 WorkerThread "GC Thread#0"                     [id=47168, stack(0x0000005275100000,0x0000005275200000) (1024K)]
  0x00000166e4970de0 WorkerThread "GC Thread#1"                     [id=49428, stack(0x0000005276d00000,0x0000005276e00000) (1024K)]
  0x00000166e4971180 WorkerThread "GC Thread#2"                     [id=22300, stack(0x0000005276e00000,0x0000005276f00000) (1024K)]
  0x00000166e4971930 WorkerThread "GC Thread#3"                     [id=19252, stack(0x0000005276f00000,0x0000005277000000) (1024K)]
  0x00000166e47ad440 WorkerThread "GC Thread#4"                     [id=9036, stack(0x0000005277000000,0x0000005277100000) (1024K)]
  0x00000166e505fb10 WorkerThread "GC Thread#5"                     [id=40240, stack(0x0000005277100000,0x0000005277200000) (1024K)]
  0x00000166e505f3d0 WorkerThread "GC Thread#6"                     [id=49320, stack(0x0000005277200000,0x0000005277300000) (1024K)]
  0x00000166e505f770 WorkerThread "GC Thread#7"                     [id=35224, stack(0x0000005277300000,0x0000005277400000) (1024K)]
  0x00000166fee85a70 ConcurrentGCThread "G1 Main Marker"            [id=7416, stack(0x0000005275200000,0x0000005275300000) (1024K)]
  0x00000166fee86480 WorkerThread "G1 Conc#0"                       [id=38380, stack(0x0000005275300000,0x0000005275400000) (1024K)]
  0x000001669e7436d0 ConcurrentGCThread "G1 Refine#0"               [id=46240, stack(0x0000005275400000,0x0000005275500000) (1024K)]
  0x000001669e743ef0 ConcurrentGCThread "G1 Service"                [id=27560, stack(0x0000005275500000,0x0000005275600000) (1024K)]
Total: 14

Threads with active compile tasks:
C2 CompilerThread3      736 1727       4       java.io.WinNTFileSystem::normalize (224 bytes)
C2 CompilerThread6      736 1627       4       jdk.internal.jimage.BasicImageReader::verifyLocation (39 bytes)
C2 CompilerThread7      736 1686       4       jdk.internal.loader.URLClassPath::getResource (74 bytes)
Total: 3

VM state: not at safepoint (normal execution)

VM Mutex/Monitor currently owned by a thread: None

Heap address: 0x0000000709800000, size: 3944 MB, Compressed Oops mode: Zero based, Oop shift amount: 3

CDS archive(s) mapped at: [0x000001669f000000-0x000001669fc90000-0x000001669fc90000), size 13172736, SharedBaseAddress: 0x000001669f000000, ArchiveRelocationMode: 1.
Compressed class space mapped at: 0x00000166a0000000-0x00000166e0000000, reserved size: 1073741824
Narrow klass base: 0x000001669f000000, Narrow klass shift: 0, Narrow klass range: 0x100000000

GC Precious Log:
 CardTable entry size: 512
 Card Set container configuration: InlinePtr #cards 4 size 8 Array Of Cards #cards 16 size 48 Howl #buckets 8 coarsen threshold 3686 Howl Bitmap #cards 512 size 80 coarsen threshold 460 Card regions per heap region 1 cards per card region 4096
 CPUs: 16 total, 16 available
 Memory: 15775M
 Large Page Support: Disabled
 NUMA Support: Disabled
 Compressed Oops: Enabled (Zero based)
 Heap Region Size: 2M
 Heap Min Capacity: 8M
 Heap Initial Capacity: 248M
 Heap Max Capacity: 3944M
 Pre-touch: Disabled
 Parallel Workers: 13
 Concurrent Workers: 3
 Concurrent Refinement Workers: 13
 Periodic GC: Disabled

Heap:
 garbage-first heap   total 253952K, used 22318K [0x0000000709800000, 0x0000000800000000)
  region size 2048K, 12 young (24576K), 2 survivors (4096K)
 Metaspace       used 7360K, committed 7552K, reserved 1114112K
  class space    used 848K, committed 960K, reserved 1048576K

Heap Regions: E=young(eden), S=young(survivor), O=old, HS=humongous(starts), HC=humongous(continues), CS=collection set, F=free, TAMS=top-at-mark-start, PB=parsable bottom
|   0|0x0000000709800000, 0x0000000709800000, 0x0000000709a00000|  0%| F|  |TAMS 0x0000000709800000| PB 0x0000000709800000| Untracked 
|   1|0x0000000709a00000, 0x0000000709a00000, 0x0000000709c00000|  0%| F|  |TAMS 0x0000000709a00000| PB 0x0000000709a00000| Untracked 
|   2|0x0000000709c00000, 0x0000000709c00000, 0x0000000709e00000|  0%| F|  |TAMS 0x0000000709c00000| PB 0x0000000709c00000| Untracked 
|   3|0x0000000709e00000, 0x0000000709e00000, 0x000000070a000000|  0%| F|  |TAMS 0x0000000709e00000| PB 0x0000000709e00000| Untracked 
|   4|0x000000070a000000, 0x000000070a000000, 0x000000070a200000|  0%| F|  |TAMS 0x000000070a000000| PB 0x000000070a000000| Untracked 
|   5|0x000000070a200000, 0x000000070a200000, 0x000000070a400000|  0%| F|  |TAMS 0x000000070a200000| PB 0x000000070a200000| Untracked 
|   6|0x000000070a400000, 0x000000070a400000, 0x000000070a600000|  0%| F|  |TAMS 0x000000070a400000| PB 0x000000070a400000| Untracked 
|   7|0x000000070a600000, 0x000000070a600000, 0x000000070a800000|  0%| F|  |TAMS 0x000000070a600000| PB 0x000000070a600000| Untracked 
|   8|0x000000070a800000, 0x000000070a800000, 0x000000070aa00000|  0%| F|  |TAMS 0x000000070a800000| PB 0x000000070a800000| Untracked 
|   9|0x000000070aa00000, 0x000000070aa00000, 0x000000070ac00000|  0%| F|  |TAMS 0x000000070aa00000| PB 0x000000070aa00000| Untracked 
|  10|0x000000070ac00000, 0x000000070ac00000, 0x000000070ae00000|  0%| F|  |TAMS 0x000000070ac00000| PB 0x000000070ac00000| Untracked 
|  11|0x000000070ae00000, 0x000000070ae00000, 0x000000070b000000|  0%| F|  |TAMS 0x000000070ae00000| PB 0x000000070ae00000| Untracked 
|  12|0x000000070b000000, 0x000000070b000000, 0x000000070b200000|  0%| F|  |TAMS 0x000000070b000000| PB 0x000000070b000000| Untracked 
|  13|0x000000070b200000, 0x000000070b200000, 0x000000070b400000|  0%| F|  |TAMS 0x000000070b200000| PB 0x000000070b200000| Untracked 
|  14|0x000000070b400000, 0x000000070b400000, 0x000000070b600000|  0%| F|  |TAMS 0x000000070b400000| PB 0x000000070b400000| Untracked 
|  15|0x000000070b600000, 0x000000070b600000, 0x000000070b800000|  0%| F|  |TAMS 0x000000070b600000| PB 0x000000070b600000| Untracked 
|  16|0x000000070b800000, 0x000000070b800000, 0x000000070ba00000|  0%| F|  |TAMS 0x000000070b800000| PB 0x000000070b800000| Untracked 
|  17|0x000000070ba00000, 0x000000070ba00000, 0x000000070bc00000|  0%| F|  |TAMS 0x000000070ba00000| PB 0x000000070ba00000| Untracked 
|  18|0x000000070bc00000, 0x000000070bc00000, 0x000000070be00000|  0%| F|  |TAMS 0x000000070bc00000| PB 0x000000070bc00000| Untracked 
|  19|0x000000070be00000, 0x000000070be00000, 0x000000070c000000|  0%| F|  |TAMS 0x000000070be00000| PB 0x000000070be00000| Untracked 
|  20|0x000000070c000000, 0x000000070c000000, 0x000000070c200000|  0%| F|  |TAMS 0x000000070c000000| PB 0x000000070c000000| Untracked 
|  21|0x000000070c200000, 0x000000070c200000, 0x000000070c400000|  0%| F|  |TAMS 0x000000070c200000| PB 0x000000070c200000| Untracked 
|  22|0x000000070c400000, 0x000000070c400000, 0x000000070c600000|  0%| F|  |TAMS 0x000000070c400000| PB 0x000000070c400000| Untracked 
|  23|0x000000070c600000, 0x000000070c600000, 0x000000070c800000|  0%| F|  |TAMS 0x000000070c600000| PB 0x000000070c600000| Untracked 
|  24|0x000000070c800000, 0x000000070c800000, 0x000000070ca00000|  0%| F|  |TAMS 0x000000070c800000| PB 0x000000070c800000| Untracked 
|  25|0x000000070ca00000, 0x000000070ca00000, 0x000000070cc00000|  0%| F|  |TAMS 0x000000070ca00000| PB 0x000000070ca00000| Untracked 
|  26|0x000000070cc00000, 0x000000070cc00000, 0x000000070ce00000|  0%| F|  |TAMS 0x000000070cc00000| PB 0x000000070cc00000| Untracked 
|  27|0x000000070ce00000, 0x000000070ce00000, 0x000000070d000000|  0%| F|  |TAMS 0x000000070ce00000| PB 0x000000070ce00000| Untracked 
|  28|0x000000070d000000, 0x000000070d000000, 0x000000070d200000|  0%| F|  |TAMS 0x000000070d000000| PB 0x000000070d000000| Untracked 
|  29|0x000000070d200000, 0x000000070d200000, 0x000000070d400000|  0%| F|  |TAMS 0x000000070d200000| PB 0x000000070d200000| Untracked 
|  30|0x000000070d400000, 0x000000070d400000, 0x000000070d600000|  0%| F|  |TAMS 0x000000070d400000| PB 0x000000070d400000| Untracked 
|  31|0x000000070d600000, 0x000000070d600000, 0x000000070d800000|  0%| F|  |TAMS 0x000000070d600000| PB 0x000000070d600000| Untracked 
|  32|0x000000070d800000, 0x000000070d800000, 0x000000070da00000|  0%| F|  |TAMS 0x000000070d800000| PB 0x000000070d800000| Untracked 
|  33|0x000000070da00000, 0x000000070da00000, 0x000000070dc00000|  0%| F|  |TAMS 0x000000070da00000| PB 0x000000070da00000| Untracked 
|  34|0x000000070dc00000, 0x000000070dc00000, 0x000000070de00000|  0%| F|  |TAMS 0x000000070dc00000| PB 0x000000070dc00000| Untracked 
|  35|0x000000070de00000, 0x000000070de00000, 0x000000070e000000|  0%| F|  |TAMS 0x000000070de00000| PB 0x000000070de00000| Untracked 
|  36|0x000000070e000000, 0x000000070e000000, 0x000000070e200000|  0%| F|  |TAMS 0x000000070e000000| PB 0x000000070e000000| Untracked 
|  37|0x000000070e200000, 0x000000070e200000, 0x000000070e400000|  0%| F|  |TAMS 0x000000070e200000| PB 0x000000070e200000| Untracked 
|  38|0x000000070e400000, 0x000000070e400000, 0x000000070e600000|  0%| F|  |TAMS 0x000000070e400000| PB 0x000000070e400000| Untracked 
|  39|0x000000070e600000, 0x000000070e600000, 0x000000070e800000|  0%| F|  |TAMS 0x000000070e600000| PB 0x000000070e600000| Untracked 
|  40|0x000000070e800000, 0x000000070e800000, 0x000000070ea00000|  0%| F|  |TAMS 0x000000070e800000| PB 0x000000070e800000| Untracked 
|  41|0x000000070ea00000, 0x000000070ea00000, 0x000000070ec00000|  0%| F|  |TAMS 0x000000070ea00000| PB 0x000000070ea00000| Untracked 
|  42|0x000000070ec00000, 0x000000070ec00000, 0x000000070ee00000|  0%| F|  |TAMS 0x000000070ec00000| PB 0x000000070ec00000| Untracked 
|  43|0x000000070ee00000, 0x000000070ee00000, 0x000000070f000000|  0%| F|  |TAMS 0x000000070ee00000| PB 0x000000070ee00000| Untracked 
|  44|0x000000070f000000, 0x000000070f000000, 0x000000070f200000|  0%| F|  |TAMS 0x000000070f000000| PB 0x000000070f000000| Untracked 
|  45|0x000000070f200000, 0x000000070f200000, 0x000000070f400000|  0%| F|  |TAMS 0x000000070f200000| PB 0x000000070f200000| Untracked 
|  46|0x000000070f400000, 0x000000070f400000, 0x000000070f600000|  0%| F|  |TAMS 0x000000070f400000| PB 0x000000070f400000| Untracked 
|  47|0x000000070f600000, 0x000000070f600000, 0x000000070f800000|  0%| F|  |TAMS 0x000000070f600000| PB 0x000000070f600000| Untracked 
|  48|0x000000070f800000, 0x000000070f800000, 0x000000070fa00000|  0%| F|  |TAMS 0x000000070f800000| PB 0x000000070f800000| Untracked 
|  49|0x000000070fa00000, 0x000000070fa00000, 0x000000070fc00000|  0%| F|  |TAMS 0x000000070fa00000| PB 0x000000070fa00000| Untracked 
|  50|0x000000070fc00000, 0x000000070fc00000, 0x000000070fe00000|  0%| F|  |TAMS 0x000000070fc00000| PB 0x000000070fc00000| Untracked 
|  51|0x000000070fe00000, 0x000000070fe00000, 0x0000000710000000|  0%| F|  |TAMS 0x000000070fe00000| PB 0x000000070fe00000| Untracked 
|  52|0x0000000710000000, 0x0000000710000000, 0x0000000710200000|  0%| F|  |TAMS 0x0000000710000000| PB 0x0000000710000000| Untracked 
|  53|0x0000000710200000, 0x0000000710200000, 0x0000000710400000|  0%| F|  |TAMS 0x0000000710200000| PB 0x0000000710200000| Untracked 
|  54|0x0000000710400000, 0x0000000710400000, 0x0000000710600000|  0%| F|  |TAMS 0x0000000710400000| PB 0x0000000710400000| Untracked 
|  55|0x0000000710600000, 0x0000000710600000, 0x0000000710800000|  0%| F|  |TAMS 0x0000000710600000| PB 0x0000000710600000| Untracked 
|  56|0x0000000710800000, 0x0000000710800000, 0x0000000710a00000|  0%| F|  |TAMS 0x0000000710800000| PB 0x0000000710800000| Untracked 
|  57|0x0000000710a00000, 0x0000000710a00000, 0x0000000710c00000|  0%| F|  |TAMS 0x0000000710a00000| PB 0x0000000710a00000| Untracked 
|  58|0x0000000710c00000, 0x0000000710c00000, 0x0000000710e00000|  0%| F|  |TAMS 0x0000000710c00000| PB 0x0000000710c00000| Untracked 
|  59|0x0000000710e00000, 0x0000000710e00000, 0x0000000711000000|  0%| F|  |TAMS 0x0000000710e00000| PB 0x0000000710e00000| Untracked 
|  60|0x0000000711000000, 0x0000000711000000, 0x0000000711200000|  0%| F|  |TAMS 0x0000000711000000| PB 0x0000000711000000| Untracked 
|  61|0x0000000711200000, 0x0000000711200000, 0x0000000711400000|  0%| F|  |TAMS 0x0000000711200000| PB 0x0000000711200000| Untracked 
|  62|0x0000000711400000, 0x0000000711400000, 0x0000000711600000|  0%| F|  |TAMS 0x0000000711400000| PB 0x0000000711400000| Untracked 
|  63|0x0000000711600000, 0x0000000711600000, 0x0000000711800000|  0%| F|  |TAMS 0x0000000711600000| PB 0x0000000711600000| Untracked 
|  64|0x0000000711800000, 0x0000000711800000, 0x0000000711a00000|  0%| F|  |TAMS 0x0000000711800000| PB 0x0000000711800000| Untracked 
|  65|0x0000000711a00000, 0x0000000711a00000, 0x0000000711c00000|  0%| F|  |TAMS 0x0000000711a00000| PB 0x0000000711a00000| Untracked 
|  66|0x0000000711c00000, 0x0000000711c00000, 0x0000000711e00000|  0%| F|  |TAMS 0x0000000711c00000| PB 0x0000000711c00000| Untracked 
|  67|0x0000000711e00000, 0x0000000711e00000, 0x0000000712000000|  0%| F|  |TAMS 0x0000000711e00000| PB 0x0000000711e00000| Untracked 
|  68|0x0000000712000000, 0x0000000712000000, 0x0000000712200000|  0%| F|  |TAMS 0x0000000712000000| PB 0x0000000712000000| Untracked 
|  69|0x0000000712200000, 0x0000000712200000, 0x0000000712400000|  0%| F|  |TAMS 0x0000000712200000| PB 0x0000000712200000| Untracked 
|  70|0x0000000712400000, 0x0000000712400000, 0x0000000712600000|  0%| F|  |TAMS 0x0000000712400000| PB 0x0000000712400000| Untracked 
|  71|0x0000000712600000, 0x0000000712600000, 0x0000000712800000|  0%| F|  |TAMS 0x0000000712600000| PB 0x0000000712600000| Untracked 
|  72|0x0000000712800000, 0x0000000712800000, 0x0000000712a00000|  0%| F|  |TAMS 0x0000000712800000| PB 0x0000000712800000| Untracked 
|  73|0x0000000712a00000, 0x0000000712a00000, 0x0000000712c00000|  0%| F|  |TAMS 0x0000000712a00000| PB 0x0000000712a00000| Untracked 
|  74|0x0000000712c00000, 0x0000000712c00000, 0x0000000712e00000|  0%| F|  |TAMS 0x0000000712c00000| PB 0x0000000712c00000| Untracked 
|  75|0x0000000712e00000, 0x0000000712e00000, 0x0000000713000000|  0%| F|  |TAMS 0x0000000712e00000| PB 0x0000000712e00000| Untracked 
|  76|0x0000000713000000, 0x0000000713000000, 0x0000000713200000|  0%| F|  |TAMS 0x0000000713000000| PB 0x0000000713000000| Untracked 
|  77|0x0000000713200000, 0x0000000713200000, 0x0000000713400000|  0%| F|  |TAMS 0x0000000713200000| PB 0x0000000713200000| Untracked 
|  78|0x0000000713400000, 0x0000000713400000, 0x0000000713600000|  0%| F|  |TAMS 0x0000000713400000| PB 0x0000000713400000| Untracked 
|  79|0x0000000713600000, 0x0000000713600000, 0x0000000713800000|  0%| F|  |TAMS 0x0000000713600000| PB 0x0000000713600000| Untracked 
|  80|0x0000000713800000, 0x0000000713800000, 0x0000000713a00000|  0%| F|  |TAMS 0x0000000713800000| PB 0x0000000713800000| Untracked 
|  81|0x0000000713a00000, 0x0000000713a00000, 0x0000000713c00000|  0%| F|  |TAMS 0x0000000713a00000| PB 0x0000000713a00000| Untracked 
|  82|0x0000000713c00000, 0x0000000713c00000, 0x0000000713e00000|  0%| F|  |TAMS 0x0000000713c00000| PB 0x0000000713c00000| Untracked 
|  83|0x0000000713e00000, 0x0000000713e00000, 0x0000000714000000|  0%| F|  |TAMS 0x0000000713e00000| PB 0x0000000713e00000| Untracked 
|  84|0x0000000714000000, 0x0000000714000000, 0x0000000714200000|  0%| F|  |TAMS 0x0000000714000000| PB 0x0000000714000000| Untracked 
|  85|0x0000000714200000, 0x0000000714200000, 0x0000000714400000|  0%| F|  |TAMS 0x0000000714200000| PB 0x0000000714200000| Untracked 
|  86|0x0000000714400000, 0x0000000714400000, 0x0000000714600000|  0%| F|  |TAMS 0x0000000714400000| PB 0x0000000714400000| Untracked 
|  87|0x0000000714600000, 0x0000000714600000, 0x0000000714800000|  0%| F|  |TAMS 0x0000000714600000| PB 0x0000000714600000| Untracked 
|  88|0x0000000714800000, 0x0000000714800000, 0x0000000714a00000|  0%| F|  |TAMS 0x0000000714800000| PB 0x0000000714800000| Untracked 
|  89|0x0000000714a00000, 0x0000000714a00000, 0x0000000714c00000|  0%| F|  |TAMS 0x0000000714a00000| PB 0x0000000714a00000| Untracked 
|  90|0x0000000714c00000, 0x0000000714c00000, 0x0000000714e00000|  0%| F|  |TAMS 0x0000000714c00000| PB 0x0000000714c00000| Untracked 
|  91|0x0000000714e00000, 0x0000000714e00000, 0x0000000715000000|  0%| F|  |TAMS 0x0000000714e00000| PB 0x0000000714e00000| Untracked 
|  92|0x0000000715000000, 0x0000000715000000, 0x0000000715200000|  0%| F|  |TAMS 0x0000000715000000| PB 0x0000000715000000| Untracked 
|  93|0x0000000715200000, 0x0000000715200000, 0x0000000715400000|  0%| F|  |TAMS 0x0000000715200000| PB 0x0000000715200000| Untracked 
|  94|0x0000000715400000, 0x0000000715400000, 0x0000000715600000|  0%| F|  |TAMS 0x0000000715400000| PB 0x0000000715400000| Untracked 
|  95|0x0000000715600000, 0x0000000715600000, 0x0000000715800000|  0%| F|  |TAMS 0x0000000715600000| PB 0x0000000715600000| Untracked 
|  96|0x0000000715800000, 0x0000000715800000, 0x0000000715a00000|  0%| F|  |TAMS 0x0000000715800000| PB 0x0000000715800000| Untracked 
|  97|0x0000000715a00000, 0x0000000715a00000, 0x0000000715c00000|  0%| F|  |TAMS 0x0000000715a00000| PB 0x0000000715a00000| Untracked 
|  98|0x0000000715c00000, 0x0000000715c00000, 0x0000000715e00000|  0%| F|  |TAMS 0x0000000715c00000| PB 0x0000000715c00000| Untracked 
|  99|0x0000000715e00000, 0x0000000715e00000, 0x0000000716000000|  0%| F|  |TAMS 0x0000000715e00000| PB 0x0000000715e00000| Untracked 
| 100|0x0000000716000000, 0x0000000716000000, 0x0000000716200000|  0%| F|  |TAMS 0x0000000716000000| PB 0x0000000716000000| Untracked 
| 101|0x0000000716200000, 0x0000000716200000, 0x0000000716400000|  0%| F|  |TAMS 0x0000000716200000| PB 0x0000000716200000| Untracked 
| 102|0x0000000716400000, 0x0000000716400000, 0x0000000716600000|  0%| F|  |TAMS 0x0000000716400000| PB 0x0000000716400000| Untracked 
| 103|0x0000000716600000, 0x0000000716600000, 0x0000000716800000|  0%| F|  |TAMS 0x0000000716600000| PB 0x0000000716600000| Untracked 
| 104|0x0000000716800000, 0x0000000716800000, 0x0000000716a00000|  0%| F|  |TAMS 0x0000000716800000| PB 0x0000000716800000| Untracked 
| 105|0x0000000716a00000, 0x0000000716a00000, 0x0000000716c00000|  0%| F|  |TAMS 0x0000000716a00000| PB 0x0000000716a00000| Untracked 
| 106|0x0000000716c00000, 0x0000000716c00000, 0x0000000716e00000|  0%| F|  |TAMS 0x0000000716c00000| PB 0x0000000716c00000| Untracked 
| 107|0x0000000716e00000, 0x0000000716e00000, 0x0000000717000000|  0%| F|  |TAMS 0x0000000716e00000| PB 0x0000000716e00000| Untracked 
| 108|0x0000000717000000, 0x0000000717000000, 0x0000000717200000|  0%| F|  |TAMS 0x0000000717000000| PB 0x0000000717000000| Untracked 
| 109|0x0000000717200000, 0x0000000717200000, 0x0000000717400000|  0%| F|  |TAMS 0x0000000717200000| PB 0x0000000717200000| Untracked 
| 110|0x0000000717400000, 0x0000000717400000, 0x0000000717600000|  0%| F|  |TAMS 0x0000000717400000| PB 0x0000000717400000| Untracked 
| 111|0x0000000717600000, 0x00000007177cba78, 0x0000000717800000| 89%| S|CS|TAMS 0x0000000717600000| PB 0x0000000717600000| Complete 
| 112|0x0000000717800000, 0x0000000717a00000, 0x0000000717a00000|100%| S|CS|TAMS 0x0000000717800000| PB 0x0000000717800000| Complete 
| 113|0x0000000717a00000, 0x0000000717a00000, 0x0000000717c00000|  0%| F|  |TAMS 0x0000000717a00000| PB 0x0000000717a00000| Untracked 
| 114|0x0000000717c00000, 0x0000000717db5e80, 0x0000000717e00000| 85%| E|  |TAMS 0x0000000717c00000| PB 0x0000000717c00000| Complete 
| 115|0x0000000717e00000, 0x0000000718000000, 0x0000000718000000|100%| E|CS|TAMS 0x0000000717e00000| PB 0x0000000717e00000| Complete 
| 116|0x0000000718000000, 0x0000000718200000, 0x0000000718200000|100%| E|CS|TAMS 0x0000000718000000| PB 0x0000000718000000| Complete 
| 117|0x0000000718200000, 0x0000000718400000, 0x0000000718400000|100%| E|CS|TAMS 0x0000000718200000| PB 0x0000000718200000| Complete 
| 118|0x0000000718400000, 0x0000000718600000, 0x0000000718600000|100%| E|CS|TAMS 0x0000000718400000| PB 0x0000000718400000| Complete 
| 119|0x0000000718600000, 0x0000000718800000, 0x0000000718800000|100%| E|CS|TAMS 0x0000000718600000| PB 0x0000000718600000| Complete 
| 120|0x0000000718800000, 0x0000000718a00000, 0x0000000718a00000|100%| E|CS|TAMS 0x0000000718800000| PB 0x0000000718800000| Complete 
| 121|0x0000000718a00000, 0x0000000718c00000, 0x0000000718c00000|100%| E|CS|TAMS 0x0000000718a00000| PB 0x0000000718a00000| Complete 
| 122|0x0000000718c00000, 0x0000000718e00000, 0x0000000718e00000|100%| E|CS|TAMS 0x0000000718c00000| PB 0x0000000718c00000| Complete 
| 123|0x0000000718e00000, 0x0000000719000000, 0x0000000719000000|100%| E|CS|TAMS 0x0000000718e00000| PB 0x0000000718e00000| Complete 

Card table byte_map: [0x00000166973a0000,0x0000016697b60000] _byte_map_base: 0x0000016693b54000

Marking Bits: (CMBitMap*) 0x00000166fee75950
 Bits: [0x0000016697b60000, 0x000001669b900000)

Polling page: 0x00000166fe5d0000

Metaspace:

Usage:
  Non-class:      6.37 MB used.
      Class:    851.45 KB used.
       Both:      7.20 MB used.

Virtual space:
  Non-class space:       64.00 MB reserved,       6.44 MB ( 10%) committed,  1 nodes.
      Class space:        1.00 GB reserved,     960.00 KB ( <1%) committed,  1 nodes.
             Both:        1.06 GB reserved,       7.38 MB ( <1%) committed. 

Chunk freelists:
   Non-Class:  8.06 MB
       Class:  15.11 MB
        Both:  23.17 MB

MaxMetaspaceSize: unlimited
CompressedClassSpaceSize: 1.00 GB
Initial GC threshold: 21.00 MB
Current GC threshold: 21.00 MB
CDS: on
 - commit_granule_bytes: 65536.
 - commit_granule_words: 8192.
 - virtual_space_node_default_size: 8388608.
 - enlarge_chunks_in_place: 1.
 - use_allocation_guard: 0.


Internal statistics:

num_allocs_failed_limit: 0.
num_arena_births: 66.
num_arena_deaths: 0.
num_vsnodes_births: 2.
num_vsnodes_deaths: 0.
num_space_committed: 118.
num_space_uncommitted: 0.
num_chunks_returned_to_freelist: 0.
num_chunks_taken_from_freelist: 277.
num_chunk_merges: 0.
num_chunk_splits: 190.
num_chunks_enlarged: 153.
num_inconsistent_stats: 0.

CodeHeap 'non-profiled nmethods': size=119168Kb used=817Kb max_used=817Kb free=118350Kb
 bounds [0x000001668ff40000, 0x00000166901b0000, 0x00000166973a0000]
CodeHeap 'profiled nmethods': size=119104Kb used=3387Kb max_used=3387Kb free=115716Kb
 bounds [0x00000166883a0000, 0x00000166886f0000, 0x000001668f7f0000]
CodeHeap 'non-nmethods': size=7488Kb used=3054Kb max_used=3106Kb free=4433Kb
 bounds [0x000001668f7f0000, 0x000001668fb10000, 0x000001668ff40000]
 total_blobs=2219 nmethods=1748 adapters=373
 compilation: enabled
              stopped_count=0, restarted_count=0
 full_count=0

Compilation events (20 events):
Event: 0.710 Thread 0x00000166e42a3950 nmethod 1696 0x00000166886c0590 code [0x00000166886c0740, 0x00000166886c0968]
Event: 0.710 Thread 0x000001669e8bad20 1698       3       sun.net.www.protocol.jar.JarURLConnection::getUseCaches (8 bytes)
Event: 0.710 Thread 0x000001669e8bad20 nmethod 1698 0x00000166886c0a90 code [0x00000166886c0c40, 0x00000166886c0e20]
Event: 0.711 Thread 0x000001669eac34b0 1699       3       jdk.internal.loader.AbstractClassLoaderValue::extractValue (17 bytes)
Event: 0.711 Thread 0x000001669eac34b0 nmethod 1699 0x00000166886c0f10 code [0x00000166886c10e0, 0x00000166886c1470]
Event: 0.712 Thread 0x000001669e8bad20 1700       3       org.eclipse.sisu.space.asm.ClassReader::<init> (257 bytes)
Event: 0.712 Thread 0x000001669e8bad20 nmethod 1700 0x00000166886c1590 code [0x00000166886c17c0, 0x00000166886c2170]
Event: 0.713 Thread 0x000001669eac34b0 1701       3       java.util.concurrent.atomic.AtomicReferenceArray::get (12 bytes)
Event: 0.713 Thread 0x000001669eb11760 1702       3       java.lang.invoke.VarHandleGuards::guard_LI_L (89 bytes)
Event: 0.713 Thread 0x00000166e42a3950 1703       3       java.lang.invoke.VarHandleReferences$Array::getVolatile (49 bytes)
Event: 0.713 Thread 0x00000166e42a3950 nmethod 1703 0x00000166886c2490 code [0x00000166886c2680, 0x00000166886c2c28]
Event: 0.713 Thread 0x000001669e8bad20 1704       1       sun.nio.fs.WindowsFileAttributes::fileKey (2 bytes)
Event: 0.713 Thread 0x000001669e8bad20 nmethod 1704 0x0000016690000090 code [0x0000016690000220, 0x00000166900002f0]
Event: 0.713 Thread 0x000001669eac34b0 nmethod 1701 0x00000166886c2e90 code [0x00000166886c30e0, 0x00000166886c3cb8]
Event: 0.714 Thread 0x000001669eac34b0 1706   !   3       sun.reflect.annotation.AnnotationParser::parseAnnotation2 (275 bytes)
Event: 0.714 Thread 0x000001669e8bad20 1707       3       java.util.AbstractQueue::add (20 bytes)
Event: 0.714 Thread 0x000001669eb11760 nmethod 1702 0x00000166886c4010 code [0x00000166886c4380, 0x00000166886c60f0]
Event: 0.714 Thread 0x000001669e8bad20 nmethod 1707 0x00000166886c6910 code [0x00000166886c6ae0, 0x00000166886c6dc0]
Event: 0.714 Thread 0x000001669e8bad20 1708       3       org.eclipse.sisu.space.asm.ClassReader::readAnnotationValues (75 bytes)
Event: 0.715 Thread 0x000001669e8bad20 nmethod 1708 0x00000166886c6f10 code [0x00000166886c7120, 0x00000166886c7660]

GC Heap History (2 events):
Event: 0.468 GC heap before
{Heap before GC invocations=0 (full 0):
 garbage-first heap   total 253952K, used 22528K [0x0000000709800000, 0x0000000800000000)
  region size 2048K, 11 young (22528K), 0 survivors (0K)
 Metaspace       used 5707K, committed 5952K, reserved 1114112K
  class space    used 649K, committed 768K, reserved 1048576K
}
Event: 0.471 GC heap after
{Heap after GC invocations=1 (full 0):
 garbage-first heap   total 253952K, used 3886K [0x0000000709800000, 0x0000000800000000)
  region size 2048K, 2 young (4096K), 2 survivors (4096K)
 Metaspace       used 5707K, committed 5952K, reserved 1114112K
  class space    used 649K, committed 768K, reserved 1048576K
}

Dll operation events (12 events):
Event: 0.006 Loaded shared library C:\Program Files\Java\jdk-21\bin\java.dll
Event: 0.065 Loaded shared library C:\Program Files\Java\jdk-21\bin\jsvml.dll
Event: 0.100 Loaded shared library C:\Program Files\Java\jdk-21\bin\zip.dll
Event: 0.102 Loaded shared library C:\Program Files\Java\jdk-21\bin\instrument.dll
Event: 0.106 Loaded shared library C:\Program Files\Java\jdk-21\bin\net.dll
Event: 0.107 Loaded shared library C:\Program Files\Java\jdk-21\bin\nio.dll
Event: 0.109 Loaded shared library C:\Program Files\Java\jdk-21\bin\zip.dll
Event: 0.122 Loaded shared library C:\Program Files\JetBrains\IntelliJ IDEA Community Edition 2023.3.3\bin\breakgen64.dll
Event: 0.129 Loaded shared library C:\Program Files\Java\jdk-21\bin\extnet.dll
Event: 0.188 Loaded shared library C:\Program Files\Java\jdk-21\bin\jimage.dll
Event: 0.201 Loaded shared library C:\Users\amroa\AppData\Local\Temp\jansi-2.4.0-e4a9dd160e551e54-jansi.dll
Event: 0.208 Loaded shared library C:\Program Files\Java\jdk-21\bin\verify.dll

Deoptimization events (20 events):
Event: 0.556 Thread 0x00000166fcb62cd0 DEOPT PACKING pc=0x000001668ff7f690 sp=0x00000052750fe300
Event: 0.556 Thread 0x00000166fcb62cd0 DEOPT UNPACKING pc=0x000001668f8446a2 sp=0x00000052750fe220 mode 2
Event: 0.556 Thread 0x00000166fcb62cd0 Uncommon trap: trap_request=0xffffff45 fr.pc=0x000001668ff71cb0 relative=0x00000000000008f0
Event: 0.556 Thread 0x00000166fcb62cd0 Uncommon trap: reason=unstable_if action=reinterpret pc=0x000001668ff71cb0 method=java.util.HashMap.putVal(ILjava/lang/Object;Ljava/lang/Object;ZZ)Ljava/lang/Object; @ 181 c2
Event: 0.556 Thread 0x00000166fcb62cd0 DEOPT PACKING pc=0x000001668ff71cb0 sp=0x00000052750fe240
Event: 0.556 Thread 0x00000166fcb62cd0 DEOPT UNPACKING pc=0x000001668f8446a2 sp=0x00000052750fe210 mode 2
Event: 0.556 Thread 0x00000166fcb62cd0 Uncommon trap: trap_request=0xffffff45 fr.pc=0x000001668ffb1dc8 relative=0x0000000000000368
Event: 0.556 Thread 0x00000166fcb62cd0 Uncommon trap: reason=unstable_if action=reinterpret pc=0x000001668ffb1dc8 method=java.nio.charset.CharsetDecoder.decode(Ljava/nio/ByteBuffer;Ljava/nio/CharBuffer;Z)Ljava/nio/charset/CoderResult; @ 1 c2
Event: 0.556 Thread 0x00000166fcb62cd0 DEOPT PACKING pc=0x000001668ffb1dc8 sp=0x00000052750fe260
Event: 0.556 Thread 0x00000166fcb62cd0 DEOPT UNPACKING pc=0x000001668f8446a2 sp=0x00000052750fe208 mode 2
Event: 0.562 Thread 0x00000166fcb62cd0 Uncommon trap: trap_request=0xffffff45 fr.pc=0x000001668ffb6c7c relative=0x0000000000002b5c
Event: 0.562 Thread 0x00000166fcb62cd0 Uncommon trap: reason=unstable_if action=reinterpret pc=0x000001668ffb6c7c method=sun.nio.cs.StreamDecoder.implRead([CII)I @ 186 c2
Event: 0.562 Thread 0x00000166fcb62cd0 DEOPT PACKING pc=0x000001668ffb6c7c sp=0x00000052750fe340
Event: 0.562 Thread 0x00000166fcb62cd0 DEOPT UNPACKING pc=0x000001668f8446a2 sp=0x00000052750fe1b0 mode 2
Event: 0.647 Thread 0x00000166fcb62cd0 Uncommon trap: trap_request=0xffffff45 fr.pc=0x000001668ffe7ee4 relative=0x00000000000006a4
Event: 0.647 Thread 0x00000166fcb62cd0 Uncommon trap: reason=unstable_if action=reinterpret pc=0x000001668ffe7ee4 method=java.lang.String.<init>([CIILjava/lang/Void;)V @ 5 c2
Event: 0.647 Thread 0x00000166fcb62cd0 DEOPT PACKING pc=0x000001668ffe7ee4 sp=0x00000052750fe300
Event: 0.647 Thread 0x00000166fcb62cd0 DEOPT UNPACKING pc=0x000001668f8446a2 sp=0x00000052750fe198 mode 2
Event: 0.668 Thread 0x00000166fcb62cd0 DEOPT PACKING pc=0x0000016688475f27 sp=0x00000052750fe470
Event: 0.668 Thread 0x00000166fcb62cd0 DEOPT UNPACKING pc=0x000001668f844e42 sp=0x00000052750fd8e0 mode 0

Classes loaded (20 events):
Event: 0.430 Loading class sun/reflect/generics/tree/TypeVariableSignature
Event: 0.430 Loading class sun/reflect/generics/tree/TypeVariableSignature done
Event: 0.438 Loading class java/lang/annotation/IncompleteAnnotationException
Event: 0.438 Loading class java/lang/annotation/IncompleteAnnotationException done
Event: 0.464 Loading class java/lang/foreign/MemorySegment
Event: 0.465 Loading class java/lang/foreign/MemorySegment done
Event: 0.526 Loading class sun/reflect/generics/reflectiveObjects/TypeVariableImpl
Event: 0.526 Loading class sun/reflect/generics/reflectiveObjects/LazyReflectiveObjectGenerator
Event: 0.526 Loading class sun/reflect/generics/reflectiveObjects/LazyReflectiveObjectGenerator done
Event: 0.526 Loading class sun/reflect/generics/reflectiveObjects/TypeVariableImpl done
Event: 0.526 Loading class sun/reflect/generics/reflectiveObjects/ParameterizedTypeImpl
Event: 0.526 Loading class sun/reflect/generics/reflectiveObjects/ParameterizedTypeImpl done
Event: 0.527 Loading class sun/reflect/misc/ReflectUtil
Event: 0.527 Loading class sun/reflect/misc/ReflectUtil done
Event: 0.590 Loading class jdk/internal/foreign/MemorySessionImpl
Event: 0.590 Loading class java/lang/foreign/MemorySegment$Scope
Event: 0.590 Loading class java/lang/foreign/MemorySegment$Scope done
Event: 0.590 Loading class jdk/internal/foreign/MemorySessionImpl done
Event: 0.697 Loading class java/lang/Deprecated
Event: 0.697 Loading class java/lang/Deprecated done

Classes unloaded (0 events):
No events

Classes redefined (0 events):
No events

Internal exceptions (14 events):
Event: 0.115 Thread 0x00000166fcb62cd0 Exception <a 'java/lang/NoSuchMethodError'{0x0000000718d006d0}: 'void java.lang.invoke.DirectMethodHandle$Holder.invokeStatic(java.lang.Object, java.lang.Object, java.lang.Object)'> (0x0000000718d006d0) 
thrown [s\open\src\hotspot\share\interpreter\linkResolver.cpp, line 773]
Event: 0.119 Thread 0x00000166fcb62cd0 Exception <a 'java/lang/NoSuchMethodError'{0x0000000718d17bd8}: 'java.lang.Object java.lang.invoke.Invokers$Holder.invokeExact_MT(java.lang.Object, java.lang.Object, java.lang.Object, java.lang.Object, java.lang.Object)'> (0x0000000718d17bd8) 
thrown [s\open\src\hotspot\share\interpreter\linkResolver.cpp, line 773]
Event: 0.130 Thread 0x000001669ec17960 Exception <a 'java/lang/NoSuchMethodError'{0x0000000718dcbcd8}: 'void java.lang.invoke.DirectMethodHandle$Holder.invokeStatic(java.lang.Object, java.lang.Object)'> (0x0000000718dcbcd8) 
thrown [s\open\src\hotspot\share\interpreter\linkResolver.cpp, line 773]
Event: 0.186 Thread 0x00000166fcb62cd0 Exception <a 'java/lang/NullPointerException'{0x00000007188eace0}> (0x00000007188eace0) 
thrown [s\open\src\hotspot\share\interpreter\linkResolver.cpp, line 1372]
Event: 0.253 Thread 0x00000166fcb62cd0 Exception <a 'java/lang/NoSuchMethodError'{0x0000000718755120}: 'java.lang.Object java.lang.invoke.DirectMethodHandle$Holder.invokeSpecialIFC(java.lang.Object, java.lang.Object, java.lang.Object, java.lang.Object)'> (0x0000000718755120) 
thrown [s\open\src\hotspot\share\interpreter\linkResolver.cpp, line 773]
Event: 0.356 Thread 0x00000166fcb62cd0 Exception <a 'java/lang/NoSuchMethodError'{0x00000007181407f0}: 'void java.lang.invoke.DirectMethodHandle$Holder.invokeSpecial(java.lang.Object, java.lang.Object, java.lang.Object)'> (0x00000007181407f0) 
thrown [s\open\src\hotspot\share\interpreter\linkResolver.cpp, line 773]
Event: 0.375 Thread 0x00000166fcb62cd0 Exception <a 'java/lang/NoSuchMethodError'{0x0000000717e6af78}: 'java.lang.Object java.lang.invoke.DirectMethodHandle$Holder.invokeInterface(java.lang.Object, java.lang.Object)'> (0x0000000717e6af78) 
thrown [s\open\src\hotspot\share\interpreter\linkResolver.cpp, line 773]
Event: 0.376 Thread 0x00000166fcb62cd0 Exception <a 'java/lang/NoSuchMethodError'{0x0000000717e731d0}: 'int java.lang.invoke.DirectMethodHandle$Holder.invokeSpecial(java.lang.Object, java.lang.Object, java.lang.Object)'> (0x0000000717e731d0) 
thrown [s\open\src\hotspot\share\interpreter\linkResolver.cpp, line 773]
Event: 0.384 Thread 0x00000166fcb62cd0 Exception <a 'java/lang/NoSuchMethodError'{0x0000000717ef9238}: 'int java.lang.invoke.DirectMethodHandle$Holder.invokeStatic(java.lang.Object, java.lang.Object, java.lang.Object, java.lang.Object)'> (0x0000000717ef9238) 
thrown [s\open\src\hotspot\share\interpreter\linkResolver.cpp, line 773]
Event: 0.384 Thread 0x00000166fcb62cd0 Exception <a 'java/lang/NoSuchMethodError'{0x0000000717efc8b8}: 'java.lang.Object java.lang.invoke.Invokers$Holder.invokeExact_MT(java.lang.Object, java.lang.Object, java.lang.Object, java.lang.Object, java.lang.Object, java.lang.Object)'> (0x0000000717efc8b8) 
thrown [s\open\src\hotspot\share\interpreter\linkResolver.cpp, line 773]
Event: 0.385 Thread 0x00000166fcb62cd0 Exception <a 'java/lang/NoSuchMethodError'{0x0000000717f0e480}: 'int java.lang.invoke.DirectMethodHandle$Holder.invokeSpecialIFC(java.lang.Object, java.lang.Object, java.lang.Object, java.lang.Object, java.lang.Object)'> (0x0000000717f0e480) 
thrown [s\open\src\hotspot\share\interpreter\linkResolver.cpp, line 773]
Event: 0.415 Thread 0x00000166fcb62cd0 Exception <a 'java/lang/NoSuchMethodError'{0x0000000717c8e9f0}: 'java.lang.Object java.lang.invoke.DirectMethodHandle$Holder.newInvokeSpecial(java.lang.Object, java.lang.Object, java.lang.Object, java.lang.Object, java.lang.Object)'> (0x0000000717c8e9f0) 
thrown [s\open\src\hotspot\share\interpreter\linkResolver.cpp, line 773]
Event: 0.433 Thread 0x00000166fcb62cd0 Exception <a 'java/lang/NoSuchMethodError'{0x0000000717d8acb0}: 'int java.lang.invoke.DirectMethodHandle$Holder.invokeStaticInit(java.lang.Object, java.lang.Object)'> (0x0000000717d8acb0) 
thrown [s\open\src\hotspot\share\interpreter\linkResolver.cpp, line 773]
Event: 0.439 Thread 0x00000166fcb62cd0 Exception <a 'java/lang/NoClassDefFoundError'{0x0000000717dc2410}: javax/enterprise/inject/Typed> (0x0000000717dc2410) 
thrown [s\open\src\hotspot\share\classfile\systemDictionary.cpp, line 301]

ZGC Phase Switch (0 events):
No events

VM Operations (10 events):
Event: 0.091 Executing VM operation: HandshakeAllThreads (Deoptimize)
Event: 0.091 Executing VM operation: HandshakeAllThreads (Deoptimize) done
Event: 0.185 Executing VM operation: HandshakeAllThreads (Deoptimize)
Event: 0.185 Executing VM operation: HandshakeAllThreads (Deoptimize) done
Event: 0.190 Executing VM operation: HandshakeAllThreads (Deoptimize)
Event: 0.190 Executing VM operation: HandshakeAllThreads (Deoptimize) done
Event: 0.443 Executing VM operation: ICBufferFull
Event: 0.443 Executing VM operation: ICBufferFull done
Event: 0.468 Executing VM operation: G1CollectForAllocation (G1 Evacuation Pause)
Event: 0.471 Executing VM operation: G1CollectForAllocation (G1 Evacuation Pause) done

Events (20 events):
Event: 0.061 Thread 0x000001669e8a6690 Thread added: 0x000001669e8a6690
Event: 0.061 Thread 0x000001669e8a8850 Thread added: 0x000001669e8a8850
Event: 0.062 Thread 0x000001669e8a9660 Thread added: 0x000001669e8a9660
Event: 0.062 Thread 0x000001669e8aa1f0 Thread added: 0x000001669e8aa1f0
Event: 0.062 Thread 0x000001669e8b3c70 Thread added: 0x000001669e8b3c70
Event: 0.062 Thread 0x000001669e8bc1c0 Thread added: 0x000001669e8bc1c0
Event: 0.062 Thread 0x000001669e8bad20 Thread added: 0x000001669e8bad20
Event: 0.087 Thread 0x000001669e86eb10 Thread added: 0x000001669e86eb10
Event: 0.091 Thread 0x000001669eac34b0 Thread added: 0x000001669eac34b0
Event: 0.092 Thread 0x000001669eb11760 Thread added: 0x000001669eb11760
Event: 0.123 Thread 0x000001669ec17960 Thread added: 0x000001669ec17960
Event: 0.123 Thread 0x000001669ec50480 Thread added: 0x000001669ec50480
Event: 0.268 Thread 0x00000166e42a3950 Thread added: 0x00000166e42a3950
Event: 0.283 Thread 0x00000166e42ac940 Thread added: 0x00000166e42ac940
Event: 0.448 Thread 0x00000166e4880ae0 Thread added: 0x00000166e4880ae0
Event: 0.449 Thread 0x00000166e4881190 Thread added: 0x00000166e4881190
Event: 0.449 Thread 0x00000166e4908410 Thread added: 0x00000166e4908410
Event: 0.468 Thread 0x00000166e50bb7a0 Thread added: 0x00000166e50bb7a0
Event: 0.468 Thread 0x00000166e5126720 Thread added: 0x00000166e5126720
Event: 0.468 Thread 0x00000166e5234120 Thread added: 0x00000166e5234120


Dynamic libraries:
0x00007ff6140a0000 - 0x00007ff6140b0000 	C:\Program Files\Java\jdk-21\bin\java.exe
0x00007ff956cd0000 - 0x00007ff956ee7000 	C:\Windows\SYSTEM32\ntdll.dll
0x00007ff9565c0000 - 0x00007ff956684000 	C:\Windows\System32\KERNEL32.DLL
0x00007ff954670000 - 0x00007ff954a16000 	C:\Windows\System32\KERNELBASE.dll
0x00007ff954550000 - 0x00007ff954661000 	C:\Windows\System32\ucrtbase.dll
0x00007ff93f300000 - 0x00007ff93f319000 	C:\Program Files\Java\jdk-21\bin\jli.dll
0x00007ff93f2e0000 - 0x00007ff93f2fb000 	C:\Program Files\Java\jdk-21\bin\VCRUNTIME140.dll
0x00007ff956450000 - 0x00007ff956503000 	C:\Windows\System32\ADVAPI32.dll
0x00007ff956b10000 - 0x00007ff956bb7000 	C:\Windows\System32\msvcrt.dll
0x00007ff954b20000 - 0x00007ff954bc8000 	C:\Windows\System32\sechost.dll
0x00007ff9544f0000 - 0x00007ff954518000 	C:\Windows\System32\bcrypt.dll
0x00007ff9569f0000 - 0x00007ff956b07000 	C:\Windows\System32\RPCRT4.dll
0x00007ff9562a0000 - 0x00007ff95644e000 	C:\Windows\System32\USER32.dll
0x00007ff954520000 - 0x00007ff954546000 	C:\Windows\System32\win32u.dll
0x00007ff93e9f0000 - 0x00007ff93ec83000 	C:\Windows\WinSxS\amd64_microsoft.windows.common-controls_6595b64144ccf1df_6.0.22621.2506_none_270c5ae97388e100\COMCTL32.dll
0x00007ff9561b0000 - 0x00007ff9561d9000 	C:\Windows\System32\GDI32.dll
0x00007ff9543d0000 - 0x00007ff9544e8000 	C:\Windows\System32\gdi32full.dll
0x00007ff9542b0000 - 0x00007ff95434a000 	C:\Windows\System32\msvcp_win.dll
0x00007ff94b6b0000 - 0x00007ff94b6ba000 	C:\Windows\SYSTEM32\VERSION.dll
0x00007ff956860000 - 0x00007ff956891000 	C:\Windows\System32\IMM32.DLL
0x00007ff943590000 - 0x00007ff94359c000 	C:\Program Files\Java\jdk-21\bin\vcruntime140_1.dll
0x00007ff8dfc20000 - 0x00007ff8dfcae000 	C:\Program Files\Java\jdk-21\bin\msvcp140.dll
0x00007ff8a1750000 - 0x00007ff8a2467000 	C:\Program Files\Java\jdk-21\bin\server\jvm.dll
0x00007ff954aa0000 - 0x00007ff954b11000 	C:\Windows\System32\WS2_32.dll
0x00007ff953ee0000 - 0x00007ff953f2d000 	C:\Windows\SYSTEM32\POWRPROF.dll
0x00007ff9519e0000 - 0x00007ff951a14000 	C:\Windows\SYSTEM32\WINMM.dll
0x00007ff953ec0000 - 0x00007ff953ed3000 	C:\Windows\SYSTEM32\UMPDC.dll
0x00007ff953010000 - 0x00007ff953028000 	C:\Windows\SYSTEM32\kernel.appcore.dll
0x00007ff940900000 - 0x00007ff94090a000 	C:\Program Files\Java\jdk-21\bin\jimage.dll
0x00007ff951760000 - 0x00007ff951993000 	C:\Windows\SYSTEM32\DBGHELP.DLL
0x00007ff954bf0000 - 0x00007ff954f79000 	C:\Windows\System32\combase.dll
0x00007ff955c60000 - 0x00007ff955d37000 	C:\Windows\System32\OLEAUT32.dll
0x00007ff9519a0000 - 0x00007ff9519d2000 	C:\Windows\SYSTEM32\dbgcore.DLL
0x00007ff954350000 - 0x00007ff9543ca000 	C:\Windows\System32\bcryptPrimitives.dll
0x00007ff951a60000 - 0x00007ff951a6f000 	C:\Program Files\Java\jdk-21\bin\instrument.dll
0x00007ff93de00000 - 0x00007ff93de1f000 	C:\Program Files\Java\jdk-21\bin\java.dll
0x00007ff954f80000 - 0x00007ff9557db000 	C:\Windows\System32\SHELL32.dll
0x00007ff951f20000 - 0x00007ff952816000 	C:\Windows\SYSTEM32\windows.storage.dll
0x00007ff951de0000 - 0x00007ff951f1e000 	C:\Windows\SYSTEM32\wintypes.dll
0x00007ff9568a0000 - 0x00007ff956993000 	C:\Windows\System32\SHCORE.dll
0x00007ff956800000 - 0x00007ff95685e000 	C:\Windows\System32\shlwapi.dll
0x00007ff953f40000 - 0x00007ff953f66000 	C:\Windows\SYSTEM32\profapi.dll
0x00007ff8cfba0000 - 0x00007ff8cfc77000 	C:\Program Files\Java\jdk-21\bin\jsvml.dll
0x00007ff93d1e0000 - 0x00007ff93d1f8000 	C:\Program Files\Java\jdk-21\bin\zip.dll
0x00007ff9400b0000 - 0x00007ff9400c0000 	C:\Program Files\Java\jdk-21\bin\net.dll
0x00007ff94d980000 - 0x00007ff94dab7000 	C:\Windows\SYSTEM32\WINHTTP.dll
0x00007ff953480000 - 0x00007ff9534e9000 	C:\Windows\system32\mswsock.dll
0x00007ff93d690000 - 0x00007ff93d6a6000 	C:\Program Files\Java\jdk-21\bin\nio.dll
0x00007ff9434e0000 - 0x00007ff9434fa000 	C:\Program Files\JetBrains\IntelliJ IDEA Community Edition 2023.3.3\bin\breakgen64.dll
0x00007ff93fd80000 - 0x00007ff93fd89000 	C:\Program Files\Java\jdk-21\bin\extnet.dll
0x0000000069ac0000 - 0x0000000069ae4000 	C:\Users\amroa\AppData\Local\Temp\jansi-2.4.0-e4a9dd160e551e54-jansi.dll
0x00007ff951a50000 - 0x00007ff951a60000 	C:\Program Files\Java\jdk-21\bin\verify.dll

dbghelp: loaded successfully - version: 4.0.5 - missing functions: none
symbol engine: initialized successfully - sym options: 0x614 - pdb path: .;C:\Program Files\Java\jdk-21\bin;C:\Windows\SYSTEM32;C:\Windows\WinSxS\amd64_microsoft.windows.common-controls_6595b64144ccf1df_6.0.22621.2506_none_270c5ae97388e100;C:\Program Files\Java\jdk-21\bin\server;C:\Program Files\JetBrains\IntelliJ IDEA Community Edition 2023.3.3\bin;C:\Users\amroa\AppData\Local\Temp

VM Arguments:
jvm_args: -Dmaven.multiModuleProjectDirectory=D:\My Files\Fawry Training\jakartaee-hello-world -Djansi.passthrough=true -Dmaven.home=C:\Users\amroa\.m2\wrapper\dists\apache-maven-3.9.1-bin\2cpar40ui5s2pm3ja4s69ub7fa\apache-maven-3.9.1 -Dclassworlds.conf=C:\Users\amroa\.m2\wrapper\dists\apache-maven-3.9.1-bin\2cpar40ui5s2pm3ja4s69ub7fa\apache-maven-3.9.1\bin\m2.conf -Dmaven.ext.class.path=C:\Program Files\JetBrains\IntelliJ IDEA Community Edition 2023.3.3\plugins\maven\lib\maven-event-listener.jar -javaagent:C:\Program Files\JetBrains\IntelliJ IDEA Community Edition 2023.3.3\lib\idea_rt.jar=51126:C:\Program Files\JetBrains\IntelliJ IDEA Community Edition 2023.3.3\bin -Dfile.encoding=UTF-8 -Dsun.stdout.encoding=UTF-8 -Dsun.stderr.encoding=UTF-8 
java_command: org.codehaus.classworlds.Launcher -Didea.version=2023.3.3 clean
java_class_path (initial): C:\Users\amroa\.m2\wrapper\dists\apache-maven-3.9.1-bin\2cpar40ui5s2pm3ja4s69ub7fa\apache-maven-3.9.1\boot\plexus-classworlds-2.6.0.jar;C:\Users\amroa\.m2\wrapper\dists\apache-maven-3.9.1-bin\2cpar40ui5s2pm3ja4s69ub7fa\apache-maven-3.9.1\boot\plexus-classworlds.license
Launcher Type: SUN_STANDARD

[Global flags]
     intx CICompilerCount                          = 12                                        {product} {ergonomic}
     uint ConcGCThreads                            = 3                                         {product} {ergonomic}
     uint G1ConcRefinementThreads                  = 13                                        {product} {ergonomic}
   size_t G1HeapRegionSize                         = 2097152                                   {product} {ergonomic}
    uintx GCDrainStackTargetSize                   = 64                                        {product} {ergonomic}
   size_t InitialHeapSize                          = 260046848                                 {product} {ergonomic}
   size_t MarkStackSize                            = 4194304                                   {product} {ergonomic}
   size_t MaxHeapSize                              = 4135583744                                {product} {ergonomic}
   size_t MaxNewSize                               = 2480930816                                {product} {ergonomic}
   size_t MinHeapDeltaBytes                        = 2097152                                   {product} {ergonomic}
   size_t MinHeapSize                              = 8388608                                   {product} {ergonomic}
    uintx NonNMethodCodeHeapSize                   = 7602480                                {pd product} {ergonomic}
    uintx NonProfiledCodeHeapSize                  = 122027880                              {pd product} {ergonomic}
    uintx ProfiledCodeHeapSize                     = 122027880                              {pd product} {ergonomic}
    uintx ReservedCodeCacheSize                    = 251658240                              {pd product} {ergonomic}
     bool SegmentedCodeCache                       = true                                      {product} {ergonomic}
   size_t SoftMaxHeapSize                          = 4135583744                             {manageable} {ergonomic}
     bool UseCompressedOops                        = true                           {product lp64_product} {ergonomic}
     bool UseG1GC                                  = true                                      {product} {ergonomic}
     bool UseLargePagesIndividualAllocation        = false                                  {pd product} {ergonomic}

Logging:
Log output configuration:
 #0: stdout all=warning uptime,level,tags foldmultilines=false
 #1: stderr all=off uptime,level,tags foldmultilines=false

Environment Variables:
JAVA_HOME=C:\Program Files\Java\jdk-21
PATH=C:\Program Files\Common Files\Oracle\Java\javapath;C:\Program Files (x86)\Common Files\Oracle\Java\javapath;C:\Program Files\Eclipse Adoptium\jdk-21.0.1.12-hotspot\bin;C:\Windows\system32;C:\Windows;C:\Windows\System32\Wbem;C:\Windows\System32\WindowsPowerShell\v1.0\;C:\Windows\System32\OpenSSH\;C:\Program Files\Microsoft SQL Server\Client SDK\ODBC\170\Tools\Binn\;C:\Program Files (x86)\Microsoft SQL Server\150\Tools\Binn\;C:\Program Files\Microsoft SQL Server\150\Tools\Binn\;C:\Program Files\Microsoft SQL Server\150\DTS\Binn\;C:\Program Files (x86)\NVIDIA Corporation\PhysX\Common;C:\Program Files\NVIDIA Corporation\NVIDIA NvDLISR;C:\Program Files (x86)\Microsoft SQL Server\150\DTS\Binn\;C:\Program Files\Azure Data Studio\bin;C:\Program Files\dotnet\;C:\Program Files\Git\cmd;C:\Program Files\Java\jdk-21\bin;C:\Users\amroa\AppData\Local\Microsoft\WindowsApps;;C:\Program Files\Azure Data Studio\bin;C:\Users\amroa\AppData\Local\Programs\Microsoft VS Code\bin;C:\Users\amroa\.dotnet\tools;C:\Program Files\JetBrains\IntelliJ IDEA Community Edition 2023.3.3\bin;
USERNAME=amroa
OS=Windows_NT
PROCESSOR_IDENTIFIER=AMD64 Family 25 Model 80 Stepping 0, AuthenticAMD
TMP=C:\Users\amroa\AppData\Local\Temp
TEMP=C:\Users\amroa\AppData\Local\Temp




Periodic native trim disabled

---------------  S Y S T E M  ---------------

OS:
 Windows 11 , 64 bit Build 22621 (10.0.22621.3085)
OS uptime: 4 days 3:55 hours
Hyper-V role detected

CPU: total 16 (initial active 16) (16 cores per cpu, 2 threads per core) family 25 model 80 stepping 0 microcode 0x0, cx8, cmov, fxsr, ht, mmx, 3dnowpref, sse, sse2, sse3, ssse3, sse4a, sse4.1, sse4.2, popcnt, lzcnt, tsc, tscinvbit, avx, avx2, aes, erms, clmul, bmi1, bmi2, adx, sha, fma, vzeroupper, clflush, clflushopt, hv, rdtscp, rdpid, fsrm, f16c, cet_ss
Processor Information for all 16 processors :
  Max Mhz: 3201, Current Mhz: 3201, Mhz Limit: 3201

Memory: 4k page, system-wide physical 15775M (5085M free)
TotalPageFile size 38275M (AvailPageFile size 8M)
current process WorkingSet (physical memory assigned to process): 115M, peak: 118M
current process commit charge ("private bytes"): 393M, peak: 397M

vm_info: Java HotSpot(TM) 64-Bit Server VM (21.0.2+13-LTS-58) for windows-amd64 JRE (21.0.2+13-LTS-58), built on 2024-01-05T18:32:24Z by "mach5one" with MS VC++ 17.1 (VS2022)

END.
